<?xml version="1.0" encoding="UTF-8"?>
<!-- Generated by org.testng.reporters.JUnitReportReporter -->
<testsuite hostname="KundanVikas" failures="0" tests="4" name="com.comcast.documenttest.CreateDocumentWithThreeTestCase" time="40.469" errors="0" timestamp="2025-04-10T11:58:03 IST" skipped="0">
  <testcase classname="com.comcast.documenttest.CreateDocumentWithThreeTestCase" name="CheckDocumentLinkTest" time="4.014"/>
  <system-out/>
  <testcase classname="com.comcast.documenttest.CreateDocumentWithThreeTestCase" name="DeleteCreatedDocumentsTest" time="16.557"/>
  <system-out/>
  <testcase classname="com.comcast.documenttest.CreateDocumentWithThreeTestCase" name="CreateDocumentsTest" time="13.317"/>
  <system-out/>
  <testcase classname="com.comcast.documenttest.CreateDocumentWithThreeTestCase" name="DocumentAddIconTest" time="6.581"/>
  <system-out/>
</testsuite> <!-- com.comcast.documenttest.CreateDocumentWithThreeTestCase -->
