<?xml version="1.0" encoding="UTF-8"?>
<!-- Generated by org.testng.reporters.JUnitReportReporter -->
<testsuite hostname="KundanVikas" failures="0" tests="8" name="com.comcast.documenttest.CreateDocumentWithFourTestCase" time="102.276" errors="0" timestamp="2025-04-10T15:55:49 IST" skipped="0">
  <testcase classname="com.comcast.documenttest.CreateDocumentWithFourTestCase" name="DocumentAddIconTest" time="9.654"/>
  <testcase classname="com.comcast.documenttest.CreateDocumentWithFourTestCase" name="CreateDocumentsTest" time="16.803"/>
  <testcase classname="com.comcast.documenttest.CreateDocumentWithFourTestCase" name="DocumentAddIconTest" time="6.186"/>
  <testcase classname="com.comcast.documenttest.CreateDocumentWithFourTestCase" name="CheckDocumentLinkTest" time="6.122"/>
  <testcase classname="com.comcast.documenttest.CreateDocumentWithFourTestCase" name="CheckDocumentLinkTest" time="5.296"/>
  <testcase classname="com.comcast.documenttest.CreateDocumentWithFourTestCase" name="CreateDocumentsTest" time="14.012"/>
  <testcase classname="com.comcast.documenttest.CreateDocumentWithFourTestCase" name="DeleteCreatedDocumentsTest" time="21.544"/>
  <testcase classname="com.comcast.documenttest.CreateDocumentWithFourTestCase" name="DeleteCreatedDocumentsTest" time="22.659"/>
</testsuite> <!-- com.comcast.documenttest.CreateDocumentWithFourTestCase -->
