<?xml version="1.0" encoding="UTF-8"?>
<!-- Generated by org.testng.reporters.JUnitReportReporter -->
<testsuite hostname="KundanVikas" failures="0" tests="6" name="com.comcast.opportunittest.CreateOpportunityWithThreeTestcase" time="125.951" errors="0" timestamp="2025-04-10T15:55:49 IST" skipped="0">
  <testcase classname="com.comcast.opportunittest.CreateOpportunityWithThreeTestcase" name="DeleteCreatedopportunityTest" time="25.810"/>
  <testcase classname="com.comcast.opportunittest.CreateOpportunityWithThreeTestcase" name="opportunityTest" time="13.904"/>
  <testcase classname="com.comcast.opportunittest.CreateOpportunityWithThreeTestcase" name="opportunityTest" time="12.843"/>
  <testcase classname="com.comcast.opportunittest.CreateOpportunityWithThreeTestcase" name="DeleteCreatedopportunityTest" time="27.022"/>
  <testcase classname="com.comcast.opportunittest.CreateOpportunityWithThreeTestcase" name="editCreatedOpportunityTest" time="22.163"/>
  <testcase classname="com.comcast.opportunittest.CreateOpportunityWithThreeTestcase" name="editCreatedOpportunityTest" time="24.209"/>
</testsuite> <!-- com.comcast.opportunittest.CreateOpportunityWithThreeTestcase -->
