<?xml version="1.0" encoding="UTF-8"?>
<!-- Generated by org.testng.reporters.JUnitReportReporter -->
<testsuite hostname="KundanVikas" failures="0" tests="1" name="com.comcast.producttest.CreateProductTest" time="15.979" errors="0" timestamp="2025-04-12T10:14:03 IST" skipped="0">
  <testcase classname="com.comcast.producttest.CreateProductTest" name="CreateProductsTest" time="15.979"/>
</testsuite> <!-- com.comcast.producttest.CreateProductTest -->
