<?xml version="1.0" encoding="UTF-8"?>
<!-- Generated by org.testng.reporters.JUnitReportReporter -->
<testsuite hostname="KundanVikas" failures="0" tests="2" name="com.comcast.producttest.CreateProductTest" time="58.079" errors="0" timestamp="2025-04-10T15:55:49 IST" skipped="0">
  <testcase classname="com.comcast.producttest.CreateProductTest" name="CreateProductsTest" time="28.105"/>
  <testcase classname="com.comcast.producttest.CreateProductTest" name="CreateProductsTest" time="29.974"/>
</testsuite> <!-- com.comcast.producttest.CreateProductTest -->
