<?xml version="1.0" encoding="UTF-8"?>
<!-- Generated by org.testng.reporters.JUnitReportReporter -->
<testsuite hostname="KundanVikas" failures="0" tests="4" name="com.comcast.documenttest.CreateDocumentWithFourTestCase" time="36.927" errors="0" timestamp="2025-04-12T10:14:03 IST" skipped="0">
  <testcase classname="com.comcast.documenttest.CreateDocumentWithFourTestCase" name="CheckDocumentLinkTest" time="8.503"/>
  <testcase classname="com.comcast.documenttest.CreateDocumentWithFourTestCase" name="DeleteCreatedDocumentsTest" time="12.166"/>
  <testcase classname="com.comcast.documenttest.CreateDocumentWithFourTestCase" name="CreateDocumentsTest" time="10.686"/>
  <testcase classname="com.comcast.documenttest.CreateDocumentWithFourTestCase" name="DocumentAddIconTest" time="5.572"/>
</testsuite> <!-- com.comcast.documenttest.CreateDocumentWithFourTestCase -->
