<?xml version="1.0" encoding="UTF-8"?>
<!-- Generated by org.testng.reporters.JUnitReportReporter -->
<testsuite hostname="KundanVikas" failures="0" tests="1" name="com.comcast.opportunittest.CreateOpportunityTest" time="11.745" errors="0" timestamp="2025-04-10T08:11:05 IST" skipped="0">
  <testcase classname="com.comcast.opportunittest.CreateOpportunityTest" name="opportunityTest" time="11.745"/>
  <system-out/>
</testsuite> <!-- com.comcast.opportunittest.CreateOpportunityTest -->
