<?xml version="1.0" encoding="UTF-8"?>
<!-- Generated by org.testng.reporters.JUnitReportReporter -->
<testsuite hostname="KundanVikas" failures="0" tests="3" name="com.comcast.opportunittest.CreateOpportunityWithThreeTestcase" time="41.224" errors="0" timestamp="2025-04-12T10:14:03 IST" skipped="0">
  <testcase classname="com.comcast.opportunittest.CreateOpportunityWithThreeTestcase" name="DeleteCreatedopportunityTest" time="16.403"/>
  <testcase classname="com.comcast.opportunittest.CreateOpportunityWithThreeTestcase" name="opportunityTest" time="9.979"/>
  <testcase classname="com.comcast.opportunittest.CreateOpportunityWithThreeTestcase" name="editCreatedOpportunityTest" time="14.842"/>
</testsuite> <!-- com.comcast.opportunittest.CreateOpportunityWithThreeTestcase -->
