<?xml version="1.0" encoding="UTF-8"?>
<!-- Generated by org.testng.reporters.JUnitReportReporter -->
<testsuite hostname="KundanVikas" failures="0" tests="4" name="com.comcast.documenttest.CreateDocumentTest" time="44.230" errors="0" timestamp="2025-04-10T09:18:43 IST" skipped="0">
  <testcase classname="com.comcast.documenttest.CreateDocumentTest" name="DocumentAddIconTest" time="6.419"/>
  <system-out/>
  <testcase classname="com.comcast.documenttest.CreateDocumentTest" name="CheckDocumentLinkTest" time="4.938"/>
  <system-out/>
  <testcase classname="com.comcast.documenttest.CreateDocumentTest" name="DeleteCreatedDocumentsTest" time="17.923"/>
  <system-out/>
  <testcase classname="com.comcast.documenttest.CreateDocumentTest" name="CreateDocumentsTest" time="14.950"/>
  <system-out/>
</testsuite> <!-- com.comcast.documenttest.CreateDocumentTest -->
