<?xml version="1.0" encoding="UTF-8"?>
<!-- Generated by org.testng.reporters.JUnitXMLReporter -->
<testsuite ignored="0" hostname="KundanVikas" failures="0" tests="3" name="Test-2" time="45.082" errors="0" timestamp="2025-04-12T10:14:03 IST">
  <testcase classname="com.comcast.opportunittest.CreateOpportunityWithThreeTestcase" name="DeleteCreatedopportunityTest" time="9.621"/>
  <testcase classname="com.comcast.opportunittest.CreateOpportunityWithThreeTestcase" name="editCreatedOpportunityTest" time="12.307"/>
  <testcase classname="com.comcast.opportunittest.CreateOpportunityWithThreeTestcase" name="opportunityTest" time="6.794"/>
</testsuite> <!-- Test-2 -->
