<?xml version="1.0" encoding="UTF-8"?>
<!-- Generated by org.testng.reporters.JUnitXMLReporter -->
<testsuite ignored="0" hostname="KundanVikas" failures="0" tests="1" name="Test-1" time="19.863" errors="0" timestamp="2025-04-12T10:13:37 IST">
  <testcase classname="com.comcast.producttest.CreateProductTest" name="CreateProductsTest" time="8.117"/>
</testsuite> <!-- Test-1 -->
