<?xml version="1.0" encoding="UTF-8"?>
<!-- Generated by org.testng.reporters.JUnitXMLReporter -->
<testsuite ignored="0" hostname="KundanVikas" failures="0" tests="1" name="Test-1" time="34.31" errors="0" timestamp="2025-04-10T15:49:27 IST">
  <testcase classname="com.comcast.producttest.CreateProductTest" name="CreateProductsTest" time="13.513"/>
</testsuite> <!-- Test-1 -->
