<?xml version="1.0" encoding="UTF-8"?>
<!-- Generated by org.testng.reporters.JUnitXMLReporter -->
<testsuite ignored="0" hostname="KundanVikas" failures="0" tests="4" name="Test-3" time="74.784" errors="0" timestamp="2025-04-10T15:50:08 IST">
  <testcase classname="com.comcast.documenttest.CreateDocumentWithFourTestCase" name="CheckDocumentLinkTest" time="1.992"/>
  <testcase classname="com.comcast.documenttest.CreateDocumentWithFourTestCase" name="CreateDocumentsTest" time="14.072"/>
  <testcase classname="com.comcast.documenttest.CreateDocumentWithFourTestCase" name="DeleteCreatedDocumentsTest" time="19.425"/>
  <testcase classname="com.comcast.documenttest.CreateDocumentWithFourTestCase" name="DocumentAddIconTest" time="4.192"/>
</testsuite> <!-- Test-3 -->
