<?xml version="1.0" encoding="UTF-8"?>
<!-- Generated by org.testng.reporters.JUnitXMLReporter -->
<testsuite ignored="0" hostname="KundanVikas" failures="0" tests="3" name="Test-2" time="69.181" errors="0" timestamp="2025-04-10T15:50:02 IST">
  <testcase classname="com.comcast.opportunittest.CreateOpportunityWithThreeTestcase" name="DeleteCreatedopportunityTest" time="15.43"/>
  <testcase classname="com.comcast.opportunittest.CreateOpportunityWithThreeTestcase" name="editCreatedOpportunityTest" time="12.864"/>
  <testcase classname="com.comcast.opportunittest.CreateOpportunityWithThreeTestcase" name="opportunityTest" time="10.821"/>
</testsuite> <!-- Test-2 -->
