<?xml version="1.0" encoding="UTF-8"?>
<!-- Generated by org.testng.reporters.JUnitXMLReporter -->
<testsuite ignored="0" hostname="KundanVikas" failures="0" tests="4" name="Test-3" time="40.808" errors="0" timestamp="2025-04-12T10:13:58 IST">
  <testcase classname="com.comcast.documenttest.CreateDocumentWithFourTestCase" name="CheckDocumentLinkTest" time="1.697"/>
  <testcase classname="com.comcast.documenttest.CreateDocumentWithFourTestCase" name="CreateDocumentsTest" time="8.375"/>
  <testcase classname="com.comcast.documenttest.CreateDocumentWithFourTestCase" name="DeleteCreatedDocumentsTest" time="9.773"/>
  <testcase classname="com.comcast.documenttest.CreateDocumentWithFourTestCase" name="DocumentAddIconTest" time="2.952"/>
</testsuite> <!-- Test-3 -->
